app/build/intermediates/manifest_merge_blame_file/debug/manifest-merger-blame-debug-report.txt
1<?xml version="1.0" encoding="utf-8"?>
2<manifest xmlns:android="http://schemas.android.com/apk/res/android"
3    package="com.example.weather"
4    android:versionCode="1"
5    android:versionName="1.0" >
6
7    <uses-sdk
8        android:minSdkVersion="23"
8-->src\main\AndroidManifest.xml
9        android:targetSdkVersion="30" />
9-->src\main\AndroidManifest.xml
10
11    <uses-permission android:name="android.permission.INTERNET" />
11-->src\main\AndroidManifest.xml:4:5-66
11-->src\main\AndroidManifest.xml:4:22-64
12
13    <application
13-->src\main\AndroidManifest.xml:6:5-23:19
14        android:allowBackup="true"
14-->src\main\AndroidManifest.xml:7:9-35
15        android:appComponentFactory="androidx.core.app.CoreComponentFactory"
15-->[androidx.core:core:1.3.2] AndroidManifest.xml:24:18-86
16        android:debuggable="true"
17        android:extractNativeLibs="false"
18        android:icon="@mipmap/ic_launcher"
18-->src\main\AndroidManifest.xml:8:9-43
19        android:roundIcon="@mipmap/ic_launcher_round"
19-->src\main\AndroidManifest.xml:9:9-54
20        android:supportsRtl="true"
20-->src\main\AndroidManifest.xml:10:9-35
21        android:testOnly="true"
22        android:theme="@style/AppThemeLight" >
22-->src\main\AndroidManifest.xml:11:9-45
23        <activity android:name="com.example.weather.MainActivity" >
23-->src\main\AndroidManifest.xml:12:9-18:20
23-->src\main\AndroidManifest.xml:12:19-47
24            <intent-filter>
24-->src\main\AndroidManifest.xml:13:13-17:29
25                <action android:name="android.intent.action.MAIN" />
25-->src\main\AndroidManifest.xml:14:17-69
25-->src\main\AndroidManifest.xml:14:25-66
26
27                <category android:name="android.intent.category.LAUNCHER" />
27-->src\main\AndroidManifest.xml:16:17-77
27-->src\main\AndroidManifest.xml:16:27-74
28            </intent-filter>
29        </activity>
30
31        <meta-data
31-->src\main\AndroidManifest.xml:20:9-22:57
32            android:name="preloaded_fonts"
32-->src\main\AndroidManifest.xml:21:13-43
33            android:resource="@array/preloaded_fonts" />
33-->src\main\AndroidManifest.xml:22:13-54
34
35        <provider
35-->[com.squareup.picasso:picasso:2.71828] AndroidManifest.xml:8:9-11:40
36            android:name="com.squareup.picasso.PicassoProvider"
36-->[com.squareup.picasso:picasso:2.71828] AndroidManifest.xml:9:13-64
37            android:authorities="com.example.weather.com.squareup.picasso"
37-->[com.squareup.picasso:picasso:2.71828] AndroidManifest.xml:10:13-72
38            android:exported="false" />
38-->[com.squareup.picasso:picasso:2.71828] AndroidManifest.xml:11:13-37
39
40        <service
40-->[androidx.room:room-runtime:2.2.5] AndroidManifest.xml:25:9-28:40
41            android:name="androidx.room.MultiInstanceInvalidationService"
41-->[androidx.room:room-runtime:2.2.5] AndroidManifest.xml:26:13-74
42            android:directBootAware="true"
42-->[androidx.room:room-runtime:2.2.5] AndroidManifest.xml:27:13-43
43            android:exported="false" />
43-->[androidx.room:room-runtime:2.2.5] AndroidManifest.xml:28:13-37
44    </application>
45
46</manifest>